21:48:45.672[main] INFO  api.test.UserTests - ************* User deleted *******************
21:52:55.782[main] DEBUG api.test.UserTests - debugging.......
21:52:55.807[main] INFO  api.test.UserTests - ************* Creating user *******************
21:52:58.103[main] INFO  api.test.UserTests - ************* User is created *******************
21:52:58.122[main] INFO  api.test.UserTests - ************* Reading User Info *******************
21:52:58.241[main] INFO  api.test.UserTests - ************* User info is displayed *******************
21:52:58.247[main] INFO  api.test.UserTests - ************* Updating User *******************
21:52:58.371[main] INFO  api.test.UserTests - ************* User updated *******************
21:52:58.484[main] INFO  api.test.UserTests - ************* Deleting user *******************
21:52:58.598[main] INFO  api.test.UserTests - ************* User deleted *******************
21:56:44.527[main] DEBUG api.test.UserTests - debugging.......
21:56:44.546[main] INFO  api.test.UserTests - ************* Creating user *******************
21:56:46.677[main] INFO  api.test.UserTests - ************* User is created *******************
21:56:46.695[main] INFO  api.test.UserTests - ************* Reading User Info *******************
21:56:46.821[main] INFO  api.test.UserTests - ************* User info is displayed *******************
21:56:46.828[main] INFO  api.test.UserTests - ************* Updating User *******************
21:56:46.938[main] INFO  api.test.UserTests - ************* User updated *******************
21:56:47.049[main] INFO  api.test.UserTests - ************* Deleting user *******************
21:56:47.138[main] INFO  api.test.UserTests - ************* User deleted *******************
21:57:57.288[main] DEBUG api.test.UserTests - debugging.......
21:57:57.313[main] INFO  api.test.UserTests - ************* Creating user *******************
21:57:59.683[main] INFO  api.test.UserTests - ************* User is created *******************
21:57:59.695[main] INFO  api.test.UserTests - ************* Reading User Info *******************
21:57:59.827[main] INFO  api.test.UserTests - ************* User info is displayed *******************
21:57:59.834[main] INFO  api.test.UserTests - ************* Updating User *******************
21:57:59.950[main] INFO  api.test.UserTests - ************* User updated *******************
21:58:00.060[main] INFO  api.test.UserTests - ************* Deleting user *******************
21:58:00.134[main] INFO  api.test.UserTests - ************* User deleted *******************
21:58:52.537[main] DEBUG api.test.UserTests - debugging.......
21:58:52.565[main] INFO  api.test.UserTests - ************* Creating user *******************
21:58:54.837[main] INFO  api.test.UserTests - ************* User is created *******************
21:58:54.851[main] INFO  api.test.UserTests - ************* Reading User Info *******************
21:58:54.985[main] INFO  api.test.UserTests - ************* User info is displayed *******************
21:58:54.990[main] INFO  api.test.UserTests - ************* Updating User *******************
21:58:55.130[main] INFO  api.test.UserTests - ************* User updated *******************
21:58:55.249[main] INFO  api.test.UserTests - ************* Deleting user *******************
21:58:55.342[main] INFO  api.test.UserTests - ************* User deleted *******************
21:59:33.515[main] DEBUG api.test.UserTests - debugging.......
21:59:33.548[main] INFO  api.test.UserTests - ************* Creating user *******************
21:59:35.802[main] INFO  api.test.UserTests - ************* User is created *******************
21:59:35.829[main] INFO  api.test.UserTests - ************* Reading User Info *******************
21:59:35.970[main] INFO  api.test.UserTests - ************* User info is displayed *******************
21:59:35.981[main] INFO  api.test.UserTests - ************* Updating User *******************
21:59:36.086[main] INFO  api.test.UserTests - ************* User updated *******************
21:59:36.207[main] INFO  api.test.UserTests - ************* Deleting user *******************
21:59:36.314[main] INFO  api.test.UserTests - ************* User deleted *******************
22:00:48.265[main] DEBUG api.test.UserTests - debugging.......
22:00:48.286[main] INFO  api.test.UserTests - ************* Creating user *******************
22:00:50.504[main] INFO  api.test.UserTests - ************* User is created *******************
22:00:50.513[main] INFO  api.test.UserTests - ************* Reading User Info *******************
22:00:50.650[main] INFO  api.test.UserTests - ************* User info is displayed *******************
22:00:50.655[main] INFO  api.test.UserTests - ************* Updating User *******************
22:00:50.748[main] INFO  api.test.UserTests - ************* User updated *******************
22:00:50.858[main] INFO  api.test.UserTests - ************* Deleting user *******************
22:00:50.952[main] INFO  api.test.UserTests - ************* User deleted *******************
22:10:49.450[main] DEBUG api.test.UserTests - debugging.......
22:10:49.472[main] INFO  api.test.UserTests - ************* Creating user *******************
22:10:51.424[main] INFO  api.test.UserTests - ************* User is created *******************
22:10:51.432[main] INFO  api.test.UserTests - ************* Reading User Info *******************
22:10:51.563[main] INFO  api.test.UserTests - ************* User info is displayed *******************
22:10:51.575[main] INFO  api.test.UserTests - ************* Updating User *******************
22:10:51.697[main] INFO  api.test.UserTests - ************* User updated *******************
22:10:51.811[main] INFO  api.test.UserTests - ************* Deleting user *******************
22:10:51.898[main] INFO  api.test.UserTests - ************* User deleted *******************
22:11:30.810[main] DEBUG api.test.UserTests - debugging.......
22:11:30.839[main] INFO  api.test.UserTests - ************* Creating user *******************
22:11:32.723[main] INFO  api.test.UserTests - ************* User is created *******************
22:11:32.732[main] INFO  api.test.UserTests - ************* Reading User Info *******************
22:11:32.841[main] INFO  api.test.UserTests - ************* User info is displayed *******************
22:11:32.850[main] INFO  api.test.UserTests - ************* Updating User *******************
22:11:32.952[main] INFO  api.test.UserTests - ************* User updated *******************
22:11:33.068[main] INFO  api.test.UserTests - ************* Deleting user *******************
22:11:33.161[main] INFO  api.test.UserTests - ************* User deleted *******************
22:13:58.033[main] DEBUG api.test.UserTests - debugging.......
22:13:58.058[main] INFO  api.test.UserTests - ************* Creating user *******************
22:14:00.429[main] INFO  api.test.UserTests - ************* User is created *******************
22:14:00.442[main] INFO  api.test.UserTests - ************* Reading User Info *******************
22:14:00.604[main] INFO  api.test.UserTests - ************* User info is displayed *******************
22:14:00.610[main] INFO  api.test.UserTests - ************* Updating User *******************
22:14:00.718[main] INFO  api.test.UserTests - ************* User updated *******************
22:14:00.826[main] INFO  api.test.UserTests - ************* Deleting user *******************
22:14:00.912[main] INFO  api.test.UserTests - ************* User deleted *******************
22:14:29.659[main] DEBUG api.test.UserTests - debugging.......
22:14:29.679[main] INFO  api.test.UserTests - ************* Creating user *******************
22:14:32.217[main] INFO  api.test.UserTests - ************* User is created *******************
22:14:32.230[main] INFO  api.test.UserTests - ************* Reading User Info *******************
22:14:32.375[main] INFO  api.test.UserTests - ************* User info is displayed *******************
22:14:32.380[main] INFO  api.test.UserTests - ************* Updating User *******************
22:14:32.469[main] INFO  api.test.UserTests - ************* User updated *******************
22:14:32.572[main] INFO  api.test.UserTests - ************* Deleting user *******************
22:14:32.692[main] INFO  api.test.UserTests - ************* User deleted *******************
10:23:16.842[main] DEBUG org.apache.poi.openxml4j.opc.PackageRelationshipCollection - Parsing relationship: /xl/_rels/workbook.xml.rels
10:23:16.849[main] DEBUG org.apache.poi.openxml4j.opc.PackageRelationshipCollection - Parsing relationship: /xl/worksheets/_rels/sheet1.xml.rels
10:23:16.852[main] DEBUG org.apache.poi.openxml4j.opc.PackageRelationshipCollection - Parsing relationship: /_rels/.rels
10:23:17.309[main] DEBUG org.apache.poi.ooxml.POIXMLFactory - using default POIXMLDocumentPart for http://schemas.openxmlformats.org/officeDocument/2006/relationships/printerSettings
10:23:17.453[main] DEBUG org.apache.poi.openxml4j.opc.PackageRelationshipCollection - Parsing relationship: /xl/_rels/workbook.xml.rels
10:23:17.454[main] DEBUG org.apache.poi.openxml4j.opc.PackageRelationshipCollection - Parsing relationship: /xl/worksheets/_rels/sheet1.xml.rels
10:23:17.457[main] DEBUG org.apache.poi.openxml4j.opc.PackageRelationshipCollection - Parsing relationship: /_rels/.rels
10:23:17.475[main] DEBUG org.apache.poi.ooxml.POIXMLFactory - using default POIXMLDocumentPart for http://schemas.openxmlformats.org/officeDocument/2006/relationships/printerSettings
10:23:17.490[main] DEBUG org.apache.poi.openxml4j.opc.PackageRelationshipCollection - Parsing relationship: /xl/_rels/workbook.xml.rels
10:23:17.491[main] DEBUG org.apache.poi.openxml4j.opc.PackageRelationshipCollection - Parsing relationship: /xl/worksheets/_rels/sheet1.xml.rels
10:23:17.492[main] DEBUG org.apache.poi.openxml4j.opc.PackageRelationshipCollection - Parsing relationship: /_rels/.rels
10:23:17.502[main] DEBUG org.apache.poi.ooxml.POIXMLFactory - using default POIXMLDocumentPart for http://schemas.openxmlformats.org/officeDocument/2006/relationships/printerSettings
10:23:17.587[main] DEBUG org.apache.poi.openxml4j.opc.PackageRelationshipCollection - Parsing relationship: /xl/_rels/workbook.xml.rels
10:23:17.590[main] DEBUG org.apache.poi.openxml4j.opc.PackageRelationshipCollection - Parsing relationship: /xl/worksheets/_rels/sheet1.xml.rels
10:23:17.591[main] DEBUG org.apache.poi.openxml4j.opc.PackageRelationshipCollection - Parsing relationship: /_rels/.rels
10:23:17.609[main] DEBUG org.apache.poi.ooxml.POIXMLFactory - using default POIXMLDocumentPart for http://schemas.openxmlformats.org/officeDocument/2006/relationships/printerSettings
10:23:17.629[main] DEBUG org.apache.poi.openxml4j.opc.PackageRelationshipCollection - Parsing relationship: /xl/_rels/workbook.xml.rels
10:23:17.629[main] DEBUG org.apache.poi.openxml4j.opc.PackageRelationshipCollection - Parsing relationship: /xl/worksheets/_rels/sheet1.xml.rels
10:23:17.631[main] DEBUG org.apache.poi.openxml4j.opc.PackageRelationshipCollection - Parsing relationship: /_rels/.rels
10:23:17.646[main] DEBUG org.apache.poi.ooxml.POIXMLFactory - using default POIXMLDocumentPart for http://schemas.openxmlformats.org/officeDocument/2006/relationships/printerSettings
10:23:17.665[main] DEBUG org.apache.poi.openxml4j.opc.PackageRelationshipCollection - Parsing relationship: /xl/_rels/workbook.xml.rels
10:23:17.666[main] DEBUG org.apache.poi.openxml4j.opc.PackageRelationshipCollection - Parsing relationship: /xl/worksheets/_rels/sheet1.xml.rels
10:23:17.667[main] DEBUG org.apache.poi.openxml4j.opc.PackageRelationshipCollection - Parsing relationship: /_rels/.rels
10:23:17.680[main] DEBUG org.apache.poi.ooxml.POIXMLFactory - using default POIXMLDocumentPart for http://schemas.openxmlformats.org/officeDocument/2006/relationships/printerSettings
10:23:17.697[main] DEBUG org.apache.poi.openxml4j.opc.PackageRelationshipCollection - Parsing relationship: /xl/_rels/workbook.xml.rels
10:23:17.698[main] DEBUG org.apache.poi.openxml4j.opc.PackageRelationshipCollection - Parsing relationship: /xl/worksheets/_rels/sheet1.xml.rels
10:23:17.699[main] DEBUG org.apache.poi.openxml4j.opc.PackageRelationshipCollection - Parsing relationship: /_rels/.rels
10:23:17.709[main] DEBUG org.apache.poi.ooxml.POIXMLFactory - using default POIXMLDocumentPart for http://schemas.openxmlformats.org/officeDocument/2006/relationships/printerSettings
10:23:17.724[main] DEBUG org.apache.poi.openxml4j.opc.PackageRelationshipCollection - Parsing relationship: /xl/_rels/workbook.xml.rels
10:23:17.725[main] DEBUG org.apache.poi.openxml4j.opc.PackageRelationshipCollection - Parsing relationship: /xl/worksheets/_rels/sheet1.xml.rels
10:23:17.727[main] DEBUG org.apache.poi.openxml4j.opc.PackageRelationshipCollection - Parsing relationship: /_rels/.rels
10:23:17.740[main] DEBUG org.apache.poi.ooxml.POIXMLFactory - using default POIXMLDocumentPart for http://schemas.openxmlformats.org/officeDocument/2006/relationships/printerSettings
10:23:17.752[main] DEBUG org.apache.poi.openxml4j.opc.PackageRelationshipCollection - Parsing relationship: /xl/_rels/workbook.xml.rels
10:23:17.753[main] DEBUG org.apache.poi.openxml4j.opc.PackageRelationshipCollection - Parsing relationship: /xl/worksheets/_rels/sheet1.xml.rels
10:23:17.755[main] DEBUG org.apache.poi.openxml4j.opc.PackageRelationshipCollection - Parsing relationship: /_rels/.rels
10:23:17.767[main] DEBUG org.apache.poi.ooxml.POIXMLFactory - using default POIXMLDocumentPart for http://schemas.openxmlformats.org/officeDocument/2006/relationships/printerSettings
10:23:17.781[main] DEBUG org.apache.poi.openxml4j.opc.PackageRelationshipCollection - Parsing relationship: /xl/_rels/workbook.xml.rels
10:23:17.781[main] DEBUG org.apache.poi.openxml4j.opc.PackageRelationshipCollection - Parsing relationship: /xl/worksheets/_rels/sheet1.xml.rels
10:23:17.782[main] DEBUG org.apache.poi.openxml4j.opc.PackageRelationshipCollection - Parsing relationship: /_rels/.rels
10:23:17.796[main] DEBUG org.apache.poi.ooxml.POIXMLFactory - using default POIXMLDocumentPart for http://schemas.openxmlformats.org/officeDocument/2006/relationships/printerSettings
10:23:17.812[main] DEBUG org.apache.poi.openxml4j.opc.PackageRelationshipCollection - Parsing relationship: /xl/_rels/workbook.xml.rels
10:23:17.813[main] DEBUG org.apache.poi.openxml4j.opc.PackageRelationshipCollection - Parsing relationship: /xl/worksheets/_rels/sheet1.xml.rels
10:23:17.814[main] DEBUG org.apache.poi.openxml4j.opc.PackageRelationshipCollection - Parsing relationship: /_rels/.rels
10:23:17.822[main] DEBUG org.apache.poi.ooxml.POIXMLFactory - using default POIXMLDocumentPart for http://schemas.openxmlformats.org/officeDocument/2006/relationships/printerSettings
10:23:17.832[main] DEBUG org.apache.poi.openxml4j.opc.PackageRelationshipCollection - Parsing relationship: /xl/_rels/workbook.xml.rels
10:23:17.833[main] DEBUG org.apache.poi.openxml4j.opc.PackageRelationshipCollection - Parsing relationship: /xl/worksheets/_rels/sheet1.xml.rels
10:23:17.833[main] DEBUG org.apache.poi.openxml4j.opc.PackageRelationshipCollection - Parsing relationship: /_rels/.rels
10:23:17.842[main] DEBUG org.apache.poi.ooxml.POIXMLFactory - using default POIXMLDocumentPart for http://schemas.openxmlformats.org/officeDocument/2006/relationships/printerSettings
10:23:17.853[main] DEBUG org.apache.poi.openxml4j.opc.PackageRelationshipCollection - Parsing relationship: /xl/_rels/workbook.xml.rels
10:23:17.853[main] DEBUG org.apache.poi.openxml4j.opc.PackageRelationshipCollection - Parsing relationship: /xl/worksheets/_rels/sheet1.xml.rels
10:23:17.854[main] DEBUG org.apache.poi.openxml4j.opc.PackageRelationshipCollection - Parsing relationship: /_rels/.rels
10:23:17.863[main] DEBUG org.apache.poi.ooxml.POIXMLFactory - using default POIXMLDocumentPart for http://schemas.openxmlformats.org/officeDocument/2006/relationships/printerSettings
10:23:17.876[main] DEBUG org.apache.poi.openxml4j.opc.PackageRelationshipCollection - Parsing relationship: /xl/_rels/workbook.xml.rels
10:23:17.877[main] DEBUG org.apache.poi.openxml4j.opc.PackageRelationshipCollection - Parsing relationship: /xl/worksheets/_rels/sheet1.xml.rels
10:23:17.878[main] DEBUG org.apache.poi.openxml4j.opc.PackageRelationshipCollection - Parsing relationship: /_rels/.rels
10:23:17.887[main] DEBUG org.apache.poi.ooxml.POIXMLFactory - using default POIXMLDocumentPart for http://schemas.openxmlformats.org/officeDocument/2006/relationships/printerSettings
10:23:17.895[main] DEBUG org.apache.poi.openxml4j.opc.PackageRelationshipCollection - Parsing relationship: /xl/_rels/workbook.xml.rels
10:23:17.896[main] DEBUG org.apache.poi.openxml4j.opc.PackageRelationshipCollection - Parsing relationship: /xl/worksheets/_rels/sheet1.xml.rels
10:23:17.897[main] DEBUG org.apache.poi.openxml4j.opc.PackageRelationshipCollection - Parsing relationship: /_rels/.rels
10:23:17.903[main] DEBUG org.apache.poi.ooxml.POIXMLFactory - using default POIXMLDocumentPart for http://schemas.openxmlformats.org/officeDocument/2006/relationships/printerSettings
10:23:17.917[main] DEBUG org.apache.poi.openxml4j.opc.PackageRelationshipCollection - Parsing relationship: /xl/_rels/workbook.xml.rels
10:23:17.917[main] DEBUG org.apache.poi.openxml4j.opc.PackageRelationshipCollection - Parsing relationship: /xl/worksheets/_rels/sheet1.xml.rels
10:23:17.918[main] DEBUG org.apache.poi.openxml4j.opc.PackageRelationshipCollection - Parsing relationship: /_rels/.rels
10:23:17.932[main] DEBUG org.apache.poi.ooxml.POIXMLFactory - using default POIXMLDocumentPart for http://schemas.openxmlformats.org/officeDocument/2006/relationships/printerSettings
10:23:17.952[main] DEBUG org.apache.poi.openxml4j.opc.PackageRelationshipCollection - Parsing relationship: /xl/_rels/workbook.xml.rels
10:23:17.953[main] DEBUG org.apache.poi.openxml4j.opc.PackageRelationshipCollection - Parsing relationship: /xl/worksheets/_rels/sheet1.xml.rels
10:23:17.953[main] DEBUG org.apache.poi.openxml4j.opc.PackageRelationshipCollection - Parsing relationship: /_rels/.rels
10:23:17.965[main] DEBUG org.apache.poi.ooxml.POIXMLFactory - using default POIXMLDocumentPart for http://schemas.openxmlformats.org/officeDocument/2006/relationships/printerSettings
10:23:17.979[main] DEBUG org.apache.poi.openxml4j.opc.PackageRelationshipCollection - Parsing relationship: /xl/_rels/workbook.xml.rels
10:23:17.981[main] DEBUG org.apache.poi.openxml4j.opc.PackageRelationshipCollection - Parsing relationship: /xl/worksheets/_rels/sheet1.xml.rels
10:23:17.982[main] DEBUG org.apache.poi.openxml4j.opc.PackageRelationshipCollection - Parsing relationship: /_rels/.rels
10:23:17.995[main] DEBUG org.apache.poi.ooxml.POIXMLFactory - using default POIXMLDocumentPart for http://schemas.openxmlformats.org/officeDocument/2006/relationships/printerSettings
10:23:18.009[main] DEBUG org.apache.poi.openxml4j.opc.PackageRelationshipCollection - Parsing relationship: /xl/_rels/workbook.xml.rels
10:23:18.010[main] DEBUG org.apache.poi.openxml4j.opc.PackageRelationshipCollection - Parsing relationship: /xl/worksheets/_rels/sheet1.xml.rels
10:23:18.011[main] DEBUG org.apache.poi.openxml4j.opc.PackageRelationshipCollection - Parsing relationship: /_rels/.rels
10:23:18.017[main] DEBUG org.apache.poi.ooxml.POIXMLFactory - using default POIXMLDocumentPart for http://schemas.openxmlformats.org/officeDocument/2006/relationships/printerSettings
10:23:18.033[main] DEBUG org.apache.poi.openxml4j.opc.PackageRelationshipCollection - Parsing relationship: /xl/_rels/workbook.xml.rels
10:23:18.035[main] DEBUG org.apache.poi.openxml4j.opc.PackageRelationshipCollection - Parsing relationship: /xl/worksheets/_rels/sheet1.xml.rels
10:23:18.035[main] DEBUG org.apache.poi.openxml4j.opc.PackageRelationshipCollection - Parsing relationship: /_rels/.rels
10:23:18.043[main] DEBUG org.apache.poi.ooxml.POIXMLFactory - using default POIXMLDocumentPart for http://schemas.openxmlformats.org/officeDocument/2006/relationships/printerSettings
10:23:18.053[main] DEBUG org.apache.poi.openxml4j.opc.PackageRelationshipCollection - Parsing relationship: /xl/_rels/workbook.xml.rels
10:23:18.054[main] DEBUG org.apache.poi.openxml4j.opc.PackageRelationshipCollection - Parsing relationship: /xl/worksheets/_rels/sheet1.xml.rels
10:23:18.054[main] DEBUG org.apache.poi.openxml4j.opc.PackageRelationshipCollection - Parsing relationship: /_rels/.rels
10:23:18.061[main] DEBUG org.apache.poi.ooxml.POIXMLFactory - using default POIXMLDocumentPart for http://schemas.openxmlformats.org/officeDocument/2006/relationships/printerSettings
10:23:18.069[main] DEBUG org.apache.poi.openxml4j.opc.PackageRelationshipCollection - Parsing relationship: /xl/_rels/workbook.xml.rels
10:23:18.069[main] DEBUG org.apache.poi.openxml4j.opc.PackageRelationshipCollection - Parsing relationship: /xl/worksheets/_rels/sheet1.xml.rels
10:23:18.070[main] DEBUG org.apache.poi.openxml4j.opc.PackageRelationshipCollection - Parsing relationship: /_rels/.rels
10:23:18.077[main] DEBUG org.apache.poi.ooxml.POIXMLFactory - using default POIXMLDocumentPart for http://schemas.openxmlformats.org/officeDocument/2006/relationships/printerSettings
10:23:18.094[main] DEBUG org.apache.poi.openxml4j.opc.PackageRelationshipCollection - Parsing relationship: /xl/_rels/workbook.xml.rels
10:23:18.098[main] DEBUG org.apache.poi.openxml4j.opc.PackageRelationshipCollection - Parsing relationship: /xl/worksheets/_rels/sheet1.xml.rels
10:23:18.100[main] DEBUG org.apache.poi.openxml4j.opc.PackageRelationshipCollection - Parsing relationship: /_rels/.rels
10:23:18.120[main] DEBUG org.apache.poi.ooxml.POIXMLFactory - using default POIXMLDocumentPart for http://schemas.openxmlformats.org/officeDocument/2006/relationships/printerSettings
10:23:20.442[main] DEBUG org.apache.poi.openxml4j.opc.PackageRelationshipCollection - Parsing relationship: /xl/_rels/workbook.xml.rels
10:23:20.443[main] DEBUG org.apache.poi.openxml4j.opc.PackageRelationshipCollection - Parsing relationship: /xl/worksheets/_rels/sheet1.xml.rels
10:23:20.444[main] DEBUG org.apache.poi.openxml4j.opc.PackageRelationshipCollection - Parsing relationship: /_rels/.rels
10:23:20.452[main] DEBUG org.apache.poi.ooxml.POIXMLFactory - using default POIXMLDocumentPart for http://schemas.openxmlformats.org/officeDocument/2006/relationships/printerSettings
10:23:20.476[main] DEBUG org.apache.poi.openxml4j.opc.PackageRelationshipCollection - Parsing relationship: /xl/_rels/workbook.xml.rels
10:23:20.477[main] DEBUG org.apache.poi.openxml4j.opc.PackageRelationshipCollection - Parsing relationship: /xl/worksheets/_rels/sheet1.xml.rels
10:23:20.478[main] DEBUG org.apache.poi.openxml4j.opc.PackageRelationshipCollection - Parsing relationship: /_rels/.rels
10:23:20.483[main] DEBUG org.apache.poi.ooxml.POIXMLFactory - using default POIXMLDocumentPart for http://schemas.openxmlformats.org/officeDocument/2006/relationships/printerSettings
10:23:20.496[main] DEBUG org.apache.poi.openxml4j.opc.PackageRelationshipCollection - Parsing relationship: /xl/_rels/workbook.xml.rels
10:23:20.508[main] DEBUG org.apache.poi.openxml4j.opc.PackageRelationshipCollection - Parsing relationship: /xl/worksheets/_rels/sheet1.xml.rels
10:23:20.517[main] DEBUG org.apache.poi.openxml4j.opc.PackageRelationshipCollection - Parsing relationship: /_rels/.rels
10:23:20.529[main] DEBUG org.apache.poi.ooxml.POIXMLFactory - using default POIXMLDocumentPart for http://schemas.openxmlformats.org/officeDocument/2006/relationships/printerSettings
10:23:20.545[main] DEBUG org.apache.poi.openxml4j.opc.PackageRelationshipCollection - Parsing relationship: /xl/_rels/workbook.xml.rels
10:23:20.546[main] DEBUG org.apache.poi.openxml4j.opc.PackageRelationshipCollection - Parsing relationship: /xl/worksheets/_rels/sheet1.xml.rels
10:23:20.547[main] DEBUG org.apache.poi.openxml4j.opc.PackageRelationshipCollection - Parsing relationship: /_rels/.rels
10:23:20.560[main] DEBUG org.apache.poi.ooxml.POIXMLFactory - using default POIXMLDocumentPart for http://schemas.openxmlformats.org/officeDocument/2006/relationships/printerSettings
11:36:36.602[main] DEBUG api.test.UserTests2 - debugging.......
11:36:36.618[main] INFO  api.test.UserTests2 - ************* Creating user *******************
11:36:39.678[main] INFO  api.test.UserTests2 - ************* User is created *******************
11:36:39.696[main] INFO  api.test.UserTests2 - ************* Reading User Info *******************
11:36:39.823[main] INFO  api.test.UserTests2 - ************* User info is displayed *******************
11:36:39.827[main] INFO  api.test.UserTests2 - ************* Updating User *******************
11:36:39.944[main] INFO  api.test.UserTests2 - ************* User updated *******************
11:36:40.045[main] INFO  api.test.UserTests2 - ************* Deleting user *******************
11:36:40.127[main] INFO  api.test.UserTests2 - ************* User deleted *******************
15:48:36.960[main] DEBUG api.test.UserTests2 - debugging.......
15:48:36.973[main] INFO  api.test.UserTests2 - ************* Creating user *******************
15:48:39.240[main] INFO  api.test.UserTests2 - ************* User is created *******************
15:48:39.250[main] INFO  api.test.UserTests2 - ************* Reading User Info *******************
15:48:39.375[main] INFO  api.test.UserTests2 - ************* User info is displayed *******************
15:48:39.378[main] INFO  api.test.UserTests2 - ************* Updating User *******************
15:48:39.468[main] INFO  api.test.UserTests2 - ************* User updated *******************
15:48:39.574[main] INFO  api.test.UserTests2 - ************* Deleting user *******************
15:48:39.658[main] INFO  api.test.UserTests2 - ************* User deleted *******************
16:19:18.448[main] DEBUG api.test.UserTests2 - debugging.......
16:19:18.467[main] INFO  api.test.UserTests2 - ************* Creating user *******************
16:19:20.885[main] INFO  api.test.UserTests2 - ************* User is created *******************
16:19:20.899[main] INFO  api.test.UserTests2 - ************* Reading User Info *******************
16:19:21.074[main] INFO  api.test.UserTests2 - ************* User info is displayed *******************
16:19:21.077[main] INFO  api.test.UserTests2 - ************* Updating User *******************
16:19:21.195[main] INFO  api.test.UserTests2 - ************* User updated *******************
16:19:21.302[main] INFO  api.test.UserTests2 - ************* Deleting user *******************
16:19:21.388[main] INFO  api.test.UserTests2 - ************* User deleted *******************
16:26:52.388[main] DEBUG api.test.UserTests2 - debugging.......
16:26:52.402[main] INFO  api.test.UserTests2 - ************* Creating user *******************
16:26:55.135[main] INFO  api.test.UserTests2 - ************* User is created *******************
16:26:55.149[main] INFO  api.test.UserTests2 - ************* Reading User Info *******************
16:26:55.309[main] INFO  api.test.UserTests2 - ************* User info is displayed *******************
16:26:55.311[main] INFO  api.test.UserTests2 - ************* Updating User *******************
16:26:55.440[main] INFO  api.test.UserTests2 - ************* User updated *******************
16:26:55.546[main] INFO  api.test.UserTests2 - ************* Deleting user *******************
16:26:55.634[main] INFO  api.test.UserTests2 - ************* User deleted *******************
16:27:36.048[main] DEBUG api.test.UserTests2 - debugging.......
16:27:36.063[main] INFO  api.test.UserTests2 - ************* Creating user *******************
16:27:37.803[main] INFO  api.test.UserTests2 - ************* User is created *******************
16:27:37.816[main] INFO  api.test.UserTests2 - ************* Reading User Info *******************
16:27:37.983[main] INFO  api.test.UserTests2 - ************* User info is displayed *******************
16:27:37.985[main] INFO  api.test.UserTests2 - ************* Updating User *******************
16:27:38.092[main] INFO  api.test.UserTests2 - ************* User updated *******************
16:27:38.197[main] INFO  api.test.UserTests2 - ************* Deleting user *******************
16:27:38.276[main] INFO  api.test.UserTests2 - ************* User deleted *******************
16:47:19.773[main] DEBUG api.test.UserTests2 - debugging.......
16:47:19.784[main] INFO  api.test.UserTests2 - ************* Creating user *******************
16:47:22.744[main] INFO  api.test.UserTests2 - ************* User is created *******************
16:47:22.781[main] INFO  api.test.UserTests2 - ************* Reading User Info *******************
16:47:22.935[main] INFO  api.test.UserTests2 - ************* User info is displayed *******************
16:47:22.945[main] INFO  api.test.UserTests2 - ************* Updating User *******************
16:47:23.071[main] INFO  api.test.UserTests2 - ************* User updated *******************
16:47:23.175[main] INFO  api.test.UserTests2 - ************* Deleting user *******************
16:47:23.283[main] INFO  api.test.UserTests2 - ************* User deleted *******************
16:48:18.441[main] DEBUG api.test.UserTests2 - debugging.......
16:48:18.453[main] INFO  api.test.UserTests2 - ************* Creating user *******************
16:48:20.636[main] INFO  api.test.UserTests2 - ************* User is created *******************
16:48:20.648[main] INFO  api.test.UserTests2 - ************* Reading User Info *******************
16:48:20.792[main] INFO  api.test.UserTests2 - ************* User info is displayed *******************
16:48:20.795[main] INFO  api.test.UserTests2 - ************* Updating User *******************
16:48:20.897[main] INFO  api.test.UserTests2 - ************* User updated *******************
16:48:20.996[main] INFO  api.test.UserTests2 - ************* Deleting user *******************
16:48:21.082[main] INFO  api.test.UserTests2 - ************* User deleted *******************
16:49:22.800[main] DEBUG api.test.UserTests2 - debugging.......
16:49:22.820[main] INFO  api.test.UserTests2 - ************* Creating user *******************
16:49:25.079[main] INFO  api.test.UserTests2 - ************* User is created *******************
16:49:25.096[main] INFO  api.test.UserTests2 - ************* Reading User Info *******************
16:49:25.221[main] INFO  api.test.UserTests2 - ************* User info is displayed *******************
16:49:25.224[main] INFO  api.test.UserTests2 - ************* Updating User *******************
16:49:25.328[main] INFO  api.test.UserTests2 - ************* User updated *******************
16:49:25.429[main] INFO  api.test.UserTests2 - ************* Deleting user *******************
16:49:25.509[main] INFO  api.test.UserTests2 - ************* User deleted *******************
16:50:30.483[main] DEBUG api.test.UserTests2 - debugging.......
16:50:30.494[main] INFO  api.test.UserTests2 - ************* Creating user *******************
16:50:32.383[main] INFO  api.test.UserTests2 - ************* User is created *******************
16:50:32.397[main] INFO  api.test.UserTests2 - ************* Reading User Info *******************
16:50:32.550[main] INFO  api.test.UserTests2 - ************* User info is displayed *******************
16:50:32.554[main] INFO  api.test.UserTests2 - ************* Updating User *******************
16:50:32.644[main] INFO  api.test.UserTests2 - ************* User updated *******************
16:50:32.724[main] INFO  api.test.UserTests2 - ************* Deleting user *******************
16:50:32.809[main] INFO  api.test.UserTests2 - ************* User deleted *******************
16:53:56.933[main] DEBUG api.test.UserTests2 - debugging.......
16:53:56.943[main] INFO  api.test.UserTests2 - ************* Creating user *******************
16:53:58.968[main] INFO  api.test.UserTests2 - ************* User is created *******************
16:53:58.979[main] INFO  api.test.UserTests2 - ************* Reading User Info *******************
16:53:59.096[main] INFO  api.test.UserTests2 - ************* User info is displayed *******************
16:53:59.098[main] INFO  api.test.UserTests2 - ************* Updating User *******************
16:53:59.217[main] INFO  api.test.UserTests2 - ************* User updated *******************
16:53:59.325[main] INFO  api.test.UserTests2 - ************* Deleting user *******************
16:53:59.429[main] INFO  api.test.UserTests2 - ************* User deleted *******************
16:54:44.885[main] DEBUG api.test.UserTests2 - debugging.......
16:54:44.897[main] INFO  api.test.UserTests2 - ************* Creating user *******************
16:54:46.702[main] INFO  api.test.UserTests2 - ************* User is created *******************
16:54:46.720[main] INFO  api.test.UserTests2 - ************* Reading User Info *******************
16:54:46.866[main] INFO  api.test.UserTests2 - ************* User info is displayed *******************
16:54:46.873[main] INFO  api.test.UserTests2 - ************* Updating User *******************
16:54:46.966[main] INFO  api.test.UserTests2 - ************* User updated *******************
16:54:47.067[main] INFO  api.test.UserTests2 - ************* Deleting user *******************
16:54:47.173[main] INFO  api.test.UserTests2 - ************* User deleted *******************
16:55:22.946[main] DEBUG api.test.UserTests2 - debugging.......
16:55:22.959[main] INFO  api.test.UserTests2 - ************* Creating user *******************
16:55:24.887[main] INFO  api.test.UserTests2 - ************* User is created *******************
16:55:24.902[main] INFO  api.test.UserTests2 - ************* Reading User Info *******************
16:55:25.030[main] INFO  api.test.UserTests2 - ************* User info is displayed *******************
16:55:25.031[main] INFO  api.test.UserTests2 - ************* Updating User *******************
16:55:25.111[main] INFO  api.test.UserTests2 - ************* User updated *******************
16:55:25.199[main] INFO  api.test.UserTests2 - ************* Deleting user *******************
16:55:25.297[main] INFO  api.test.UserTests2 - ************* User deleted *******************
16:56:19.189[main] DEBUG api.test.UserTests2 - debugging.......
16:56:19.202[main] INFO  api.test.UserTests2 - ************* Creating user *******************
16:56:21.461[main] INFO  api.test.UserTests2 - ************* User is created *******************
16:56:21.472[main] INFO  api.test.UserTests2 - ************* Reading User Info *******************
16:56:21.592[main] INFO  api.test.UserTests2 - ************* User info is displayed *******************
16:56:21.594[main] INFO  api.test.UserTests2 - ************* Updating User *******************
16:56:21.704[main] INFO  api.test.UserTests2 - ************* User updated *******************
16:56:21.794[main] INFO  api.test.UserTests2 - ************* Deleting user *******************
16:56:21.880[main] INFO  api.test.UserTests2 - ************* User deleted *******************
16:57:40.441[main] DEBUG api.test.UserTests2 - debugging.......
16:57:40.450[main] INFO  api.test.UserTests2 - ************* Creating user *******************
16:57:42.651[main] INFO  api.test.UserTests2 - ************* User is created *******************
16:57:42.698[main] INFO  api.test.UserTests2 - ************* Reading User Info *******************
16:57:42.858[main] INFO  api.test.UserTests2 - ************* User info is displayed *******************
16:57:42.860[main] INFO  api.test.UserTests2 - ************* Updating User *******************
16:57:42.949[main] INFO  api.test.UserTests2 - ************* User updated *******************
16:57:43.035[main] INFO  api.test.UserTests2 - ************* Deleting user *******************
16:57:43.144[main] INFO  api.test.UserTests2 - ************* User deleted *******************
